
> build
> node node_modules/vite/bin/vite.js build

[36mvite v6.4.1 [32mbuilding for production...[36m[39m
transforming...
[32m✓[39m 857 modules transformed.
rendering chunks...
computing gzip size...
[2mpublic/build/[22m[32mmanifest.json                                    [39m[1m[2m 21.65 kB[22m[1m[22m[2m │ gzip:   2.26 kB[22m
[2mpublic/build/[22m[35massets/Edit-BBSj9mtg.css                         [39m[1m[2m  0.11 kB[22m[1m[22m[2m │ gzip:   0.10 kB[22m
[2mpublic/build/[22m[35massets/HeroSection-DyrR5rzY.css                  [39m[1m[2m  0.20 kB[22m[1m[22m[2m │ gzip:   0.15 kB[22m
[2mpublic/build/[22m[35massets/Edit-Bb-Re6Uf.css                         [39m[1m[2m  0.66 kB[22m[1m[22m[2m │ gzip:   0.26 kB[22m
[2mpublic/build/[22m[35massets/Dashboard-C-IsDAxp.css                    [39m[1m[2m  0.80 kB[22m[1m[22m[2m │ gzip:   0.34 kB[22m
[2mpublic/build/[22m[35massets/AdminLayout-Ds2VePbW.css                  [39m[1m[2m  0.96 kB[22m[1m[22m[2m │ gzip:   0.31 kB[22m
[2mpublic/build/[22m[35massets/Login-Bj9Qt-_T.css                        [39m[1m[2m  1.01 kB[22m[1m[22m[2m │ gzip:   0.32 kB[22m
[2mpublic/build/[22m[35massets/app-BtZEMtuq.css                          [39m[1m[2m 78.91 kB[22m[1m[22m[2m │ gzip:  12.22 kB[22m
[2mpublic/build/[22m[36massets/_plugin-vue_export-helper-DlAUqK2U.js     [39m[1m[2m  0.09 kB[22m[1m[22m[2m │ gzip:   0.10 kB[22m
[2mpublic/build/[22m[36massets/Create-DIgIRAw6.js                        [39m[1m[2m  0.28 kB[22m[1m[22m[2m │ gzip:   0.23 kB[22m
[2mpublic/build/[22m[36massets/Home-D2Sk6g6e.js                          [39m[1m[2m  0.58 kB[22m[1m[22m[2m │ gzip:   0.34 kB[22m
[2mpublic/build/[22m[36massets/PrimaryButton-ANtBr8Kq.js                 [39m[1m[2m  0.69 kB[22m[1m[22m[2m │ gzip:   0.42 kB[22m
[2mpublic/build/[22m[36massets/ModuleHeader-B83PzlVx.js                  [39m[1m[2m  0.83 kB[22m[1m[22m[2m │ gzip:   0.52 kB[22m
[2mpublic/build/[22m[36massets/Page-BtQztxBv.js                          [39m[1m[2m  1.04 kB[22m[1m[22m[2m │ gzip:   0.62 kB[22m
[2mpublic/build/[22m[36massets/TextInput-AtATINzP.js                     [39m[1m[2m  1.21 kB[22m[1m[22m[2m │ gzip:   0.63 kB[22m
[2mpublic/build/[22m[36massets/ConfirmPassword-CYlpDkbK.js               [39m[1m[2m  1.32 kB[22m[1m[22m[2m │ gzip:   0.76 kB[22m
[2mpublic/build/[22m[36massets/Certifications-C6wwMhAb.js                [39m[1m[2m  1.35 kB[22m[1m[22m[2m │ gzip:   0.73 kB[22m
[2mpublic/build/[22m[36massets/CredibilityStrip-BNbl9nhe.js              [39m[1m[2m  1.45 kB[22m[1m[22m[2m │ gzip:   0.54 kB[22m
[2mpublic/build/[22m[36massets/ForgotPassword-Dt-0rCKw.js                [39m[1m[2m  1.53 kB[22m[1m[22m[2m │ gzip:   0.87 kB[22m
[2mpublic/build/[22m[36massets/VerifyEmail-gPWAip34.js                   [39m[1m[2m  1.68 kB[22m[1m[22m[2m │ gzip:   0.93 kB[22m
[2mpublic/build/[22m[36massets/Edit-DmxC71ra.js                          [39m[1m[2m  2.01 kB[22m[1m[22m[2m │ gzip:   0.90 kB[22m
[2mpublic/build/[22m[36massets/ResetPassword-CqlBrKER.js                 [39m[1m[2m  2.05 kB[22m[1m[22m[2m │ gzip:   0.83 kB[22m
[2mpublic/build/[22m[36massets/MissionValues-C2vpb-v_.js                 [39m[1m[2m  2.34 kB[22m[1m[22m[2m │ gzip:   1.16 kB[22m
[2mpublic/build/[22m[36massets/SectionRenderer-wxHuDYhs.js               [39m[1m[2m  2.39 kB[22m[1m[22m[2m │ gzip:   0.90 kB[22m
[2mpublic/build/[22m[36massets/BeforeAfter-p8y9aZvu.js                   [39m[1m[2m  2.43 kB[22m[1m[22m[2m │ gzip:   1.06 kB[22m
[2mpublic/build/[22m[36massets/Index-CrMl23LV.js                         [39m[1m[2m  2.48 kB[22m[1m[22m[2m │ gzip:   1.22 kB[22m
[2mpublic/build/[22m[36massets/Register-RBvUM2CZ.js                      [39m[1m[2m  2.58 kB[22m[1m[22m[2m │ gzip:   0.98 kB[22m
[2mpublic/build/[22m[36massets/CTASection-BHe7OoGI.js                    [39m[1m[2m  2.62 kB[22m[1m[22m[2m │ gzip:   1.20 kB[22m
[2mpublic/build/[22m[36massets/UpdatePasswordForm-bmL_uL9h.js            [39m[1m[2m  2.64 kB[22m[1m[22m[2m │ gzip:   1.02 kB[22m
[2mpublic/build/[22m[36massets/WhyChooseUs-B4ILItTM.js                   [39m[1m[2m  2.65 kB[22m[1m[22m[2m │ gzip:   1.33 kB[22m
[2mpublic/build/[22m[36massets/UpdateProfileInformationForm-C9HwwUwn.js  [39m[1m[2m  2.77 kB[22m[1m[22m[2m │ gzip:   1.25 kB[22m
[2mpublic/build/[22m[36massets/ServicesOverview-roVX2rxa.js              [39m[1m[2m  2.88 kB[22m[1m[22m[2m │ gzip:   1.28 kB[22m
[2mpublic/build/[22m[36massets/Show-Bh8gSRXN.js                          [39m[1m[2m  2.89 kB[22m[1m[22m[2m │ gzip:   1.25 kB[22m
[2mpublic/build/[22m[36massets/Leadership-C4EruRL7.js                    [39m[1m[2m  2.91 kB[22m[1m[22m[2m │ gzip:   1.43 kB[22m
[2mpublic/build/[22m[36massets/Index-BFVS9235.js                         [39m[1m[2m  2.96 kB[22m[1m[22m[2m │ gzip:   1.25 kB[22m
[2mpublic/build/[22m[36massets/Timeline-BTVGFPN8.js                      [39m[1m[2m  3.15 kB[22m[1m[22m[2m │ gzip:   1.49 kB[22m
[2mpublic/build/[22m[36massets/Index-frpqL2Jb.js                         [39m[1m[2m  3.19 kB[22m[1m[22m[2m │ gzip:   1.46 kB[22m
[2mpublic/build/[22m[36massets/Show-AmFE74LF.js                          [39m[1m[2m  3.20 kB[22m[1m[22m[2m │ gzip:   1.45 kB[22m
[2mpublic/build/[22m[36massets/Index-Ds6R5WzT.js                         [39m[1m[2m  3.29 kB[22m[1m[22m[2m │ gzip:   1.50 kB[22m
[2mpublic/build/[22m[36massets/TestimonialsSection-ByPNpAi7.js           [39m[1m[2m  3.29 kB[22m[1m[22m[2m │ gzip:   1.44 kB[22m
[2mpublic/build/[22m[36massets/StorySection-DkhP1vJT.js                  [39m[1m[2m  3.42 kB[22m[1m[22m[2m │ gzip:   1.61 kB[22m
[2mpublic/build/[22m[36massets/Index-DytIyv3e.js                         [39m[1m[2m  3.44 kB[22m[1m[22m[2m │ gzip:   1.37 kB[22m
[2mpublic/build/[22m[36massets/Index-DWkYevv4.js                         [39m[1m[2m  3.44 kB[22m[1m[22m[2m │ gzip:   1.45 kB[22m
[2mpublic/build/[22m[36massets/HeroSection-BbYVIe_Z.js                   [39m[1m[2m  3.51 kB[22m[1m[22m[2m │ gzip:   1.56 kB[22m
[2mpublic/build/[22m[36massets/GuestLayout-DEfJ-wo-.js                   [39m[1m[2m  3.72 kB[22m[1m[22m[2m │ gzip:   1.76 kB[22m
[2mpublic/build/[22m[36massets/Index-DVahcC1A.js                         [39m[1m[2m  3.80 kB[22m[1m[22m[2m │ gzip:   1.50 kB[22m
[2mpublic/build/[22m[36massets/Index-DaJysHTF.js                         [39m[1m[2m  3.96 kB[22m[1m[22m[2m │ gzip:   1.59 kB[22m
[2mpublic/build/[22m[36massets/Index-DBl5XOeL.js                         [39m[1m[2m  4.15 kB[22m[1m[22m[2m │ gzip:   1.63 kB[22m
[2mpublic/build/[22m[36massets/FeaturedProjects-PxMz_n-n.js              [39m[1m[2m  4.33 kB[22m[1m[22m[2m │ gzip:   1.78 kB[22m
[2mpublic/build/[22m[36massets/Show-BmqnOGbd.js                          [39m[1m[2m  4.48 kB[22m[1m[22m[2m │ gzip:   1.73 kB[22m
[2mpublic/build/[22m[36massets/SafetyStandards-C6tVdyiI.js               [39m[1m[2m  4.48 kB[22m[1m[22m[2m │ gzip:   1.88 kB[22m
[2mpublic/build/[22m[36massets/PublicLayout-BRxa6M6A.js                  [39m[1m[2m  4.59 kB[22m[1m[22m[2m │ gzip:   1.46 kB[22m
[2mpublic/build/[22m[36massets/Contact-DYHFOciJ.js                       [39m[1m[2m  5.26 kB[22m[1m[22m[2m │ gzip:   1.74 kB[22m
[2mpublic/build/[22m[36massets/DeleteUserForm-BqOUsycg.js                [39m[1m[2m  5.38 kB[22m[1m[22m[2m │ gzip:   2.17 kB[22m
[2mpublic/build/[22m[36massets/CostEstimator-CLF_TX77.js                 [39m[1m[2m  5.74 kB[22m[1m[22m[2m │ gzip:   2.28 kB[22m
[2mpublic/build/[22m[36massets/Index-C0rq7lgQ.js                         [39m[1m[2m  5.85 kB[22m[1m[22m[2m │ gzip:   1.79 kB[22m
[2mpublic/build/[22m[36massets/Form-B4f6Lo8h.js                          [39m[1m[2m  6.05 kB[22m[1m[22m[2m │ gzip:   2.01 kB[22m
[2mpublic/build/[22m[36massets/Form-Cc7dlydZ.js                          [39m[1m[2m  6.07 kB[22m[1m[22m[2m │ gzip:   2.10 kB[22m
[2mpublic/build/[22m[36massets/Show-NvRCutzM.js                          [39m[1m[2m  6.30 kB[22m[1m[22m[2m │ gzip:   2.11 kB[22m
[2mpublic/build/[22m[36massets/Form-DWgf5SWt.js                          [39m[1m[2m  7.21 kB[22m[1m[22m[2m │ gzip:   2.04 kB[22m
[2mpublic/build/[22m[36massets/Form-BXvw0hwm.js                          [39m[1m[2m  7.27 kB[22m[1m[22m[2m │ gzip:   2.23 kB[22m
[2mpublic/build/[22m[36massets/Dashboard-pnV17MS4.js                     [39m[1m[2m  7.78 kB[22m[1m[22m[2m │ gzip:   2.87 kB[22m
[2mpublic/build/[22m[36massets/AdminLayout-jXRAsNYk.js                   [39m[1m[2m  8.00 kB[22m[1m[22m[2m │ gzip:   3.19 kB[22m
[2mpublic/build/[22m[36massets/Login-LzVjSfWe.js                         [39m[1m[2m  8.44 kB[22m[1m[22m[2m │ gzip:   2.66 kB[22m
[2mpublic/build/[22m[36massets/Welcome-BN7mL9DM.js                       [39m[1m[2m 18.76 kB[22m[1m[22m[2m │ gzip:   6.19 kB[22m
[2mpublic/build/[22m[36massets/Dashboard-CEvxMBx4.js                     [39m[1m[2m192.74 kB[22m[1m[22m[2m │ gzip:  67.09 kB[22m
[2mpublic/build/[22m[36massets/Edit-Dq3kvO6M.js                          [39m[1m[2m193.29 kB[22m[1m[22m[2m │ gzip:  66.88 kB[22m
[2mpublic/build/[22m[36massets/app-CqjY1MdJ.js                           [39m[1m[2m321.06 kB[22m[1m[22m[2m │ gzip: 115.43 kB[22m
[32m✓ built in 14.87s[39m
