
> build
> node node_modules/vite/bin/vite.js build

[36mvite v6.4.1 [32mbuilding for production...[36m[39m
transforming...
[32m✓[39m 405 modules transformed.
[31m✗[39m Build failed in 4.03s
[31merror during build:
[31m[vite:vue] [plugin vite:vue] resources/js/Components/Public/Sections/StorySection.vue (63:5): Invalid end tag.[31m
file: [36mE:/Hassaan/Brick & Beam/resources/js/Components/Public/Sections/StorySection.vue:63:5[31m
SyntaxError: [plugin vite:vue] resources/js/Components/Public/Sections/StorySection.vue (63:5): Invalid end tag.
    at createCompilerError (E:\Hassaan\Brick & Beam\node_modules\@vue\compiler-core\dist\compiler-core.cjs.prod.js:1374:17)
    at emitError (E:\Hassaan\Brick & Beam\node_modules\@vue\compiler-core\dist\compiler-core.cjs.prod.js:2980:5)
    at Object.onclosetag (E:\Hassaan\Brick & Beam\node_modules\@vue\compiler-core\dist\compiler-core.cjs.prod.js:2387:9)
    at Tokenizer.stateInClosingTagName (E:\Hassaan\Brick & Beam\node_modules\@vue\compiler-core\dist\compiler-core.cjs.prod.js:799:16)
    at Tokenizer.parse (E:\Hassaan\Brick & Beam\node_modules\@vue\compiler-core\dist\compiler-core.cjs.prod.js:1157:16)
    at Object.baseParse (E:\Hassaan\Brick & Beam\node_modules\@vue\compiler-core\dist\compiler-core.cjs.prod.js:3012:13)
    at Object.parse (E:\Hassaan\Brick & Beam\node_modules\@vue\compiler-dom\dist\compiler-dom.cjs.prod.js:665:23)
    at Object.parse$1 [as parse] (E:\Hassaan\Brick & Beam\node_modules\@vue\compiler-sfc\dist\compiler-sfc.cjs.js:1824:24)
    at createDescriptor (file:///E:/Hassaan/Brick%20&%20Beam/node_modules/@vitejs/plugin-vue/dist/index.mjs:71:43)
    at transformMain (file:///E:/Hassaan/Brick%20&%20Beam/node_modules/@vitejs/plugin-vue/dist/index.mjs:2421:34)[39m
